

Started GET "/" for 127.0.0.1 at 2012-03-07 18:39:39 +0100
Processing by ApplicationController#home as HTML
  Rendered pages/home.html.haml within layouts/application (2.9ms)
Completed 200 OK in 13ms (Views: 12.9ms | ActiveRecord: 0.0ms)


Started GET "/" for 127.0.0.1 at 2012-03-07 18:39:46 +0100
Processing by ApplicationController#home as HTML
  Rendered pages/home.html.haml within layouts/application (0.2ms)
Completed 200 OK in 1ms (Views: 1.1ms | ActiveRecord: 0.0ms)


Started GET "/" for 127.0.0.1 at 2012-03-07 18:39:47 +0100
Processing by ApplicationController#home as HTML
  Rendered pages/home.html.haml within layouts/application (0.3ms)
Completed 200 OK in 2ms (Views: 1.6ms | ActiveRecord: 0.0ms)


Started GET "/?activated" for 127.0.0.1 at 2012-03-07 18:41:06 +0100
Processing by ApplicationController#home as HTML
  Parameters: {"activated"=>nil}
Completed 500 Internal Server Error in 1ms

Phenomenal::Error (Unknown context test):
  app/controllers/application_controller.rb:9:in `home'




Started GET "/?activated=true" for 127.0.0.1 at 2012-03-07 18:41:16 +0100
Processing by ApplicationController#home as HTML
  Parameters: {"activated"=>"true"}
Completed 500 Internal Server Error in 0ms

Phenomenal::Error (Unknown context test):
  app/controllers/application_controller.rb:7:in `home'




Started GET "/?activated=true" for 127.0.0.1 at 2012-03-07 18:41:21 +0100
Processing by ApplicationController#home as HTML
  Parameters: {"activated"=>"true"}
Completed 500 Internal Server Error in 0ms

Phenomenal::Error (Unknown context test):
  app/controllers/application_controller.rb:7:in `home'




Started GET "/?activated=true" for 127.0.0.1 at 2012-03-07 18:42:21 +0100
Processing by ApplicationController#home as HTML
  Parameters: {"activated"=>"true"}
  Rendered app/contexts/test/views/pages/home.html.haml within layouts/application (1.0ms)
Completed 200 OK in 12ms (Views: 11.9ms | ActiveRecord: 0.0ms)


Started GET "/" for 127.0.0.1 at 2012-03-07 18:42:25 +0100
Processing by ApplicationController#home as HTML
  Rendered app/contexts/test/views/pages/home.html.haml within layouts/application (0.1ms)
Completed 200 OK in 1ms (Views: 1.1ms | ActiveRecord: 0.0ms)


Started GET "/" for 127.0.0.1 at 2012-03-07 18:42:26 +0100
Processing by ApplicationController#home as HTML
  Rendered app/contexts/test/views/pages/home.html.haml within layouts/application (0.1ms)
Completed 200 OK in 1ms (Views: 1.0ms | ActiveRecord: 0.0ms)


Started GET "/" for 127.0.0.1 at 2012-03-07 18:43:46 +0100
Processing by ApplicationController#home as HTML
  Rendered app/contexts/test/views/pages/home.html.haml within layouts/application (0.1ms)
Completed 200 OK in 1ms (Views: 1.0ms | ActiveRecord: 0.0ms)


Started GET "/" for 127.0.0.1 at 2012-03-07 18:44:50 +0100
Processing by ApplicationController#home as HTML
  Rendered app/contexts/test/views/pages/home.html.haml within layouts/application (0.1ms)
Completed 200 OK in 1ms (Views: 1.1ms | ActiveRecord: 0.0ms)


Started GET "/" for 127.0.0.1 at 2012-03-07 18:44:57 +0100
Processing by ApplicationController#home as HTML
  Rendered pages/home.html.haml within layouts/application (3.0ms)
Completed 200 OK in 15ms (Views: 14.1ms | ActiveRecord: 0.0ms)


Started GET "/?activated=true" for 127.0.0.1 at 2012-03-07 18:45:08 +0100
Processing by ApplicationController#home as HTML
  Parameters: {"activated"=>"true"}
  Rendered pages/home.html.haml within layouts/application (0.3ms)
Completed 200 OK in 2ms (Views: 1.3ms | ActiveRecord: 0.0ms)


Started GET "/?activated=true" for 127.0.0.1 at 2012-03-07 18:56:09 +0100
Processing by ApplicationController#home as HTML
  Parameters: {"activated"=>"true"}
  Rendered app/contexts/test/views/pages/home.html.haml within layouts/application (1.0ms)
Completed 200 OK in 16ms (Views: 15.1ms | ActiveRecord: 0.0ms)


Started GET "/" for 127.0.0.1 at 2012-03-07 18:56:13 +0100
Processing by ApplicationController#home as HTML
  Rendered pages/home.html.haml within layouts/application (4.2ms)
Completed 200 OK in 6ms (Views: 5.8ms | ActiveRecord: 0.0ms)


Started GET "/" for 127.0.0.1 at 2012-03-07 20:51:17 +0100
Processing by ApplicationController#home as HTML
  Rendered pages/home.html.haml within layouts/application (3.1ms)
Completed 200 OK in 17ms (Views: 16.2ms | ActiveRecord: 0.0ms)


Started GET "/" for 127.0.0.1 at 2012-03-07 21:05:42 +0100
Processing by ApplicationController#home as HTML
  Rendered pages/home.html.haml within layouts/application (3.0ms)
Completed 200 OK in 14ms (Views: 13.3ms | ActiveRecord: 0.0ms)


Started GET "/?activated=true" for 127.0.0.1 at 2012-03-07 21:05:55 +0100
Processing by ApplicationController#home as HTML
  Parameters: {"activated"=>"true"}
  Rendered app/contexts/test/views/pages/home.html.haml within layouts/application (0.9ms)
Completed 200 OK in 28ms (Views: 27.9ms | ActiveRecord: 0.0ms)


Started GET "/" for 127.0.0.1 at 2012-03-07 21:06:41 +0100
Processing by ApplicationController#home as HTML
  Rendered pages/home.html.haml within layouts/application (3.0ms)
Completed 200 OK in 15ms (Views: 14.9ms | ActiveRecord: 0.0ms)


Started GET "/?activated=true" for 127.0.0.1 at 2012-03-07 21:06:50 +0100
Processing by ApplicationController#home as HTML
  Parameters: {"activated"=>"true"}
  Rendered app/contexts/test/views/pages/home.html.haml within layouts/application (1.2ms)
Completed 200 OK in 9ms (Views: 8.8ms | ActiveRecord: 0.0ms)


Started GET "/" for 127.0.0.1 at 2012-03-07 21:43:09 +0100
Processing by ApplicationController#home as HTML
  Rendered pages/home.html.haml within layouts/application (3.2ms)
Completed 200 OK in 14ms (Views: 13.1ms | ActiveRecord: 0.0ms)


Started GET "/?activated=true" for 127.0.0.1 at 2012-03-07 21:43:13 +0100
Processing by ApplicationController#home as HTML
  Parameters: {"activated"=>"true"}
Completed 500 Internal Server Error in 1ms

NoMethodError (undefined method `locals=' for {}:Hash):
  app/controllers/application_controller.rb:11:in `home'




Started GET "/?activated=true" for 127.0.0.1 at 2012-03-07 21:43:13 +0100
Processing by ApplicationController#home as HTML
  Parameters: {"activated"=>"true"}
Completed 500 Internal Server Error in 4ms

NoMethodError (undefined method `locals=' for {}:Hash):
  app/controllers/application_controller.rb:11:in `home'




Started GET "/?activated=true" for 127.0.0.1 at 2012-03-07 21:44:01 +0100
Processing by ApplicationController#home as HTML
  Parameters: {"activated"=>"true"}
Completed 500 Internal Server Error in 9ms

NoMethodError (undefined method `locals=' for {}:Hash):
  app/controllers/application_controller.rb:11:in `home'


  Rendered /Users/loo/.rvm/gems/ruby-1.9.3-p0@phenomenal-rails/gems/actionpack-3.2.2/lib/action_dispatch/middleware/templates/rescues/_trace.erb (4.5ms)
  Rendered /Users/loo/.rvm/gems/ruby-1.9.3-p0@phenomenal-rails/gems/actionpack-3.2.2/lib/action_dispatch/middleware/templates/rescues/_request_and_response.erb (1.3ms)
  Rendered /Users/loo/.rvm/gems/ruby-1.9.3-p0@phenomenal-rails/gems/actionpack-3.2.2/lib/action_dispatch/middleware/templates/rescues/diagnostics.erb within rescues/layout (13.7ms)


Started GET "/?activated=true" for 127.0.0.1 at 2012-03-07 21:45:53 +0100
Processing by ApplicationController#home as HTML
  Parameters: {"activated"=>"true"}
Completed 500 Internal Server Error in 9ms

NoMethodError (undefined method `locals=' for {}:Hash):
  app/controllers/application_controller.rb:11:in `home'


  Rendered /Users/loo/.rvm/gems/ruby-1.9.3-p0@phenomenal-rails/gems/actionpack-3.2.2/lib/action_dispatch/middleware/templates/rescues/_trace.erb (4.3ms)
  Rendered /Users/loo/.rvm/gems/ruby-1.9.3-p0@phenomenal-rails/gems/actionpack-3.2.2/lib/action_dispatch/middleware/templates/rescues/_request_and_response.erb (1.4ms)
  Rendered /Users/loo/.rvm/gems/ruby-1.9.3-p0@phenomenal-rails/gems/actionpack-3.2.2/lib/action_dispatch/middleware/templates/rescues/diagnostics.erb within rescues/layout (14.1ms)


Started GET "/?activated=true" for 127.0.0.1 at 2012-03-07 21:46:18 +0100
Processing by ApplicationController#home as HTML
  Parameters: {"activated"=>"true"}
Completed 500 Internal Server Error in 9ms

NoMethodError (undefined method `locals=' for {}:Hash):
  app/controllers/application_controller.rb:11:in `home'


  Rendered /Users/loo/.rvm/gems/ruby-1.9.3-p0@phenomenal-rails/gems/actionpack-3.2.2/lib/action_dispatch/middleware/templates/rescues/_trace.erb (5.6ms)
  Rendered /Users/loo/.rvm/gems/ruby-1.9.3-p0@phenomenal-rails/gems/actionpack-3.2.2/lib/action_dispatch/middleware/templates/rescues/_request_and_response.erb (1.5ms)
  Rendered /Users/loo/.rvm/gems/ruby-1.9.3-p0@phenomenal-rails/gems/actionpack-3.2.2/lib/action_dispatch/middleware/templates/rescues/diagnostics.erb within rescues/layout (15.2ms)


Started GET "/?activated=true" for 127.0.0.1 at 2012-03-07 21:48:14 +0100
Processing by ApplicationController#home as HTML
  Parameters: {"activated"=>"true"}
Completed 500 Internal Server Error in 9ms

NoMethodError (undefined method `locals=' for {}:Hash):
  app/controllers/application_controller.rb:11:in `home'


  Rendered /Users/loo/.rvm/gems/ruby-1.9.3-p0@phenomenal-rails/gems/actionpack-3.2.2/lib/action_dispatch/middleware/templates/rescues/_trace.erb (4.3ms)
  Rendered /Users/loo/.rvm/gems/ruby-1.9.3-p0@phenomenal-rails/gems/actionpack-3.2.2/lib/action_dispatch/middleware/templates/rescues/_request_and_response.erb (1.3ms)
  Rendered /Users/loo/.rvm/gems/ruby-1.9.3-p0@phenomenal-rails/gems/actionpack-3.2.2/lib/action_dispatch/middleware/templates/rescues/diagnostics.erb within rescues/layout (14.1ms)


Started GET "/?activated=true" for 127.0.0.1 at 2012-03-07 21:48:38 +0100
Processing by ApplicationController#home as HTML
  Parameters: {"activated"=>"true"}
Completed 500 Internal Server Error in 9ms

NoMethodError (undefined method `locals=' for {}:Hash):
  app/controllers/application_controller.rb:11:in `home'


  Rendered /Users/loo/.rvm/gems/ruby-1.9.3-p0@phenomenal-rails/gems/actionpack-3.2.2/lib/action_dispatch/middleware/templates/rescues/_trace.erb (5.9ms)
  Rendered /Users/loo/.rvm/gems/ruby-1.9.3-p0@phenomenal-rails/gems/actionpack-3.2.2/lib/action_dispatch/middleware/templates/rescues/_request_and_response.erb (1.4ms)
  Rendered /Users/loo/.rvm/gems/ruby-1.9.3-p0@phenomenal-rails/gems/actionpack-3.2.2/lib/action_dispatch/middleware/templates/rescues/diagnostics.erb within rescues/layout (15.3ms)


Started GET "/?activated=true" for 127.0.0.1 at 2012-03-07 21:50:22 +0100
Processing by ApplicationController#home as HTML
  Parameters: {"activated"=>"true"}
Completed 500 Internal Server Error in 9ms

NoMethodError (undefined method `locals=' for [{}]:Array):
  app/controllers/application_controller.rb:11:in `home'


  Rendered /Users/loo/.rvm/gems/ruby-1.9.3-p0@phenomenal-rails/gems/actionpack-3.2.2/lib/action_dispatch/middleware/templates/rescues/_trace.erb (4.2ms)
  Rendered /Users/loo/.rvm/gems/ruby-1.9.3-p0@phenomenal-rails/gems/actionpack-3.2.2/lib/action_dispatch/middleware/templates/rescues/_request_and_response.erb (1.3ms)
  Rendered /Users/loo/.rvm/gems/ruby-1.9.3-p0@phenomenal-rails/gems/actionpack-3.2.2/lib/action_dispatch/middleware/templates/rescues/diagnostics.erb within rescues/layout (16.0ms)


Started GET "/?activated=true" for 127.0.0.1 at 2012-03-07 21:50:39 +0100
Processing by ApplicationController#home as HTML
  Parameters: {"activated"=>"true"}
Completed 500 Internal Server Error in 10ms

NoMethodError (undefined method `formats' for {}:Hash):
  app/controllers/application_controller.rb:11:in `home'


  Rendered /Users/loo/.rvm/gems/ruby-1.9.3-p0@phenomenal-rails/gems/actionpack-3.2.2/lib/action_dispatch/middleware/templates/rescues/_trace.erb (3.9ms)
  Rendered /Users/loo/.rvm/gems/ruby-1.9.3-p0@phenomenal-rails/gems/actionpack-3.2.2/lib/action_dispatch/middleware/templates/rescues/_request_and_response.erb (1.5ms)
  Rendered /Users/loo/.rvm/gems/ruby-1.9.3-p0@phenomenal-rails/gems/actionpack-3.2.2/lib/action_dispatch/middleware/templates/rescues/diagnostics.erb within rescues/layout (13.4ms)


Started GET "/?activated=true" for 127.0.0.1 at 2012-03-07 21:51:43 +0100
Processing by ApplicationController#home as HTML
  Parameters: {"activated"=>"true"}
Completed 500 Internal Server Error in 10ms

NoMethodError (undefined method `formats' for {}:Hash):
  app/controllers/application_controller.rb:11:in `home'


  Rendered /Users/loo/.rvm/gems/ruby-1.9.3-p0@phenomenal-rails/gems/actionpack-3.2.2/lib/action_dispatch/middleware/templates/rescues/_trace.erb (4.0ms)
  Rendered /Users/loo/.rvm/gems/ruby-1.9.3-p0@phenomenal-rails/gems/actionpack-3.2.2/lib/action_dispatch/middleware/templates/rescues/_request_and_response.erb (1.3ms)
  Rendered /Users/loo/.rvm/gems/ruby-1.9.3-p0@phenomenal-rails/gems/actionpack-3.2.2/lib/action_dispatch/middleware/templates/rescues/diagnostics.erb within rescues/layout (13.1ms)


Started GET "/?activated=true" for 127.0.0.1 at 2012-03-07 21:54:54 +0100
Processing by ApplicationController#home as HTML
  Parameters: {"activated"=>"true"}
Completed 500 Internal Server Error in 9ms

NoMethodError (undefined method `locals=' for {}:Hash):
  app/controllers/application_controller.rb:11:in `home'


  Rendered /Users/loo/.rvm/gems/ruby-1.9.3-p0@phenomenal-rails/gems/actionpack-3.2.2/lib/action_dispatch/middleware/templates/rescues/_trace.erb (4.3ms)
  Rendered /Users/loo/.rvm/gems/ruby-1.9.3-p0@phenomenal-rails/gems/actionpack-3.2.2/lib/action_dispatch/middleware/templates/rescues/_request_and_response.erb (1.3ms)
  Rendered /Users/loo/.rvm/gems/ruby-1.9.3-p0@phenomenal-rails/gems/actionpack-3.2.2/lib/action_dispatch/middleware/templates/rescues/diagnostics.erb within rescues/layout (13.7ms)


Started GET "/?activated=true" for 127.0.0.1 at 2012-03-07 21:55:57 +0100
Processing by ApplicationController#home as HTML
  Parameters: {"activated"=>"true"}
  Rendered app/contexts/test/views/pages/home.html.haml within layouts/application (0.9ms)
Completed 200 OK in 12ms (Views: 11.8ms | ActiveRecord: 0.0ms)


Started GET "/?activated=true" for 127.0.0.1 at 2012-03-07 21:57:34 +0100
Processing by ApplicationController#home as HTML
  Parameters: {"activated"=>"true"}
Completed 500 Internal Server Error in 9ms

NoMethodError (undefined method `locals=' for {}:Hash):
  app/controllers/application_controller.rb:11:in `home'


  Rendered /Users/loo/.rvm/gems/ruby-1.9.3-p0@phenomenal-rails/gems/actionpack-3.2.2/lib/action_dispatch/middleware/templates/rescues/_trace.erb (4.5ms)
  Rendered /Users/loo/.rvm/gems/ruby-1.9.3-p0@phenomenal-rails/gems/actionpack-3.2.2/lib/action_dispatch/middleware/templates/rescues/_request_and_response.erb (1.3ms)
  Rendered /Users/loo/.rvm/gems/ruby-1.9.3-p0@phenomenal-rails/gems/actionpack-3.2.2/lib/action_dispatch/middleware/templates/rescues/diagnostics.erb within rescues/layout (13.5ms)


Started GET "/?activated=true" for 127.0.0.1 at 2012-03-07 21:58:44 +0100
Processing by ApplicationController#home as HTML
  Parameters: {"activated"=>"true"}
  Rendered app/contexts/test/views/pages/home.html.haml within layouts/application (1.0ms)
Completed 200 OK in 12ms (Views: 11.3ms | ActiveRecord: 0.0ms)


Started GET "/?activated=true" for 127.0.0.1 at 2012-03-07 21:58:55 +0100
Processing by ApplicationController#home as HTML
  Parameters: {"activated"=>"true"}
  Rendered app/contexts/test/views/pages/home.html.haml within layouts/application (0.9ms)
Completed 200 OK in 11ms (Views: 10.2ms | ActiveRecord: 0.0ms)


Started GET "/?activated=true" for 127.0.0.1 at 2012-03-07 21:59:17 +0100
Processing by ApplicationController#home as HTML
  Parameters: {"activated"=>"true"}
  Rendered app/contexts/test/views/pages/home.html.haml within layouts/application (0.9ms)
Completed 200 OK in 4ms (Views: 3.4ms | ActiveRecord: 0.0ms)


Started GET "/?activated=true" for 127.0.0.1 at 2012-03-07 21:59:45 +0100
Processing by ApplicationController#home as HTML
  Parameters: {"activated"=>"true"}
  Rendered app/contexts/test/views/pages/home.html.haml within layouts/application (0.9ms)
Completed 200 OK in 12ms (Views: 11.5ms | ActiveRecord: 0.0ms)


Started GET "/?activated=true" for 127.0.0.1 at 2012-03-07 21:59:46 +0100
Processing by ApplicationController#home as HTML
  Parameters: {"activated"=>"true"}
  Rendered app/contexts/test/views/pages/home.html.haml within layouts/application (1.7ms)
Completed 200 OK in 6ms (Views: 5.8ms | ActiveRecord: 0.0ms)


Started GET "/?activated=true" for 127.0.0.1 at 2012-03-07 22:01:16 +0100
Processing by ApplicationController#home as HTML
  Parameters: {"activated"=>"true"}
  Rendered app/contexts/test/views/pages/home.html.haml within layouts/application (0.9ms)
Completed 200 OK in 12ms (Views: 12.0ms | ActiveRecord: 0.0ms)


Started GET "/?activated=true" for 127.0.0.1 at 2012-03-07 22:01:18 +0100
Processing by ApplicationController#home as HTML
  Parameters: {"activated"=>"true"}
  Rendered app/contexts/test/views/pages/home.html.haml within layouts/application (0.9ms)
Completed 200 OK in 9ms (Views: 9.0ms | ActiveRecord: 0.0ms)


Started GET "/?activated=true" for 127.0.0.1 at 2012-03-07 22:02:14 +0100
Processing by ApplicationController#home as HTML
  Parameters: {"activated"=>"true"}
  Rendered app/contexts/test/views/pages/home.html.haml within layouts/application (1.0ms)
Completed 200 OK in 13ms (Views: 12.3ms | ActiveRecord: 0.0ms)


Started GET "/?activated=true" for 127.0.0.1 at 2012-03-07 22:02:45 +0100
Processing by ApplicationController#home as HTML
  Parameters: {"activated"=>"true"}
  Rendered app/contexts/test/views/pages/home.html.haml within layouts/application (0.9ms)
Completed 200 OK in 4ms (Views: 3.2ms | ActiveRecord: 0.0ms)


Started GET "/?activated=true" for 127.0.0.1 at 2012-03-07 22:02:47 +0100
Processing by ApplicationController#home as HTML
  Parameters: {"activated"=>"true"}
  Rendered app/contexts/test/views/pages/home.html.haml within layouts/application (0.8ms)
Completed 200 OK in 3ms (Views: 2.8ms | ActiveRecord: 0.0ms)


Started GET "/?activated=true" for 127.0.0.1 at 2012-03-07 22:02:56 +0100
Processing by ApplicationController#home as HTML
  Parameters: {"activated"=>"true"}
  Rendered app/contexts/test/views/pages/home.html.haml within layouts/application (1.0ms)
Completed 200 OK in 13ms (Views: 12.2ms | ActiveRecord: 0.0ms)


Started GET "/?activated=true" for 127.0.0.1 at 2012-03-07 22:03:00 +0100
Processing by ApplicationController#home as HTML
  Parameters: {"activated"=>"true"}
  Rendered app/contexts/test/views/pages/home.html.haml within layouts/application (0.8ms)
Completed 200 OK in 3ms (Views: 3.0ms | ActiveRecord: 0.0ms)


Started GET "/?activated=true" for 127.0.0.1 at 2012-03-07 22:03:03 +0100
Processing by ApplicationController#home as HTML
  Parameters: {"activated"=>"true"}
  Rendered app/contexts/test/views/pages/home.html.haml within layouts/application (0.9ms)
Completed 200 OK in 5ms (Views: 5.1ms | ActiveRecord: 0.0ms)


Started GET "/" for 127.0.0.1 at 2012-03-07 22:03:31 +0100
Processing by ApplicationController#home as HTML
  Rendered pages/home.html.haml within layouts/application (2.8ms)
Completed 200 OK in 4ms (Views: 4.3ms | ActiveRecord: 0.0ms)


Started GET "/" for 127.0.0.1 at 2012-03-07 22:04:05 +0100
Processing by ApplicationController#home as HTML
  Rendered pages/home.html.haml within layouts/application (3.1ms)
Completed 200 OK in 14ms (Views: 13.3ms | ActiveRecord: 0.0ms)


Started GET "/?activated=true" for 127.0.0.1 at 2012-03-07 22:04:09 +0100
Processing by ApplicationController#home as HTML
  Parameters: {"activated"=>"true"}
  Rendered app/contexts/test/views/pages/home.html.haml within layouts/application (1.0ms)
Completed 200 OK in 4ms (Views: 3.3ms | ActiveRecord: 0.0ms)


Started GET "/?activated=true" for 127.0.0.1 at 2012-03-07 22:04:09 +0100
Processing by ApplicationController#home as HTML
  Parameters: {"activated"=>"true"}
  Rendered app/contexts/test/views/pages/home.html.haml within layouts/application (0.1ms)
Completed 200 OK in 24ms (Views: 23.3ms | ActiveRecord: 0.0ms)


Started GET "/?activated=true" for 127.0.0.1 at 2012-03-07 22:04:11 +0100
Processing by ApplicationController#home as HTML
  Parameters: {"activated"=>"true"}
  Rendered app/contexts/test/views/pages/home.html.haml within layouts/application (0.1ms)
Completed 200 OK in 10ms (Views: 9.6ms | ActiveRecord: 0.0ms)


Started GET "/?activated=true" for 127.0.0.1 at 2012-03-07 22:04:12 +0100
Processing by ApplicationController#home as HTML
  Parameters: {"activated"=>"true"}
  Rendered app/contexts/test/views/pages/home.html.haml within layouts/application (0.1ms)
Completed 200 OK in 12ms (Views: 11.8ms | ActiveRecord: 0.0ms)


Started GET "/?activated=true" for 127.0.0.1 at 2012-03-07 22:05:05 +0100
Processing by ApplicationController#home as HTML
  Parameters: {"activated"=>"true"}
  Rendered app/contexts/test/views/pages/home.html.haml within layouts/application (0.9ms)
Completed 200 OK in 12ms (Views: 11.3ms | ActiveRecord: 0.0ms)


Started GET "/?activated=true" for 127.0.0.1 at 2012-03-07 22:05:07 +0100
Processing by ApplicationController#home as HTML
  Parameters: {"activated"=>"true"}
  Rendered app/contexts/test/views/pages/home.html.haml within layouts/application (0.1ms)
Completed 200 OK in 9ms (Views: 8.4ms | ActiveRecord: 0.0ms)


Started GET "/" for 127.0.0.1 at 2012-03-07 22:05:12 +0100
Processing by ApplicationController#home as HTML
  Rendered pages/home.html.haml within layouts/application (3.2ms)
Completed 200 OK in 6ms (Views: 5.5ms | ActiveRecord: 0.0ms)


Started GET "/?activated=true" for 127.0.0.1 at 2012-03-07 22:05:16 +0100
Processing by ApplicationController#home as HTML
  Parameters: {"activated"=>"true"}
  Rendered app/contexts/test/views/pages/home.html.haml within layouts/application (0.1ms)
Completed 200 OK in 2ms (Views: 2.0ms | ActiveRecord: 0.0ms)


Started GET "/?activated=true" for 127.0.0.1 at 2012-03-07 22:05:16 +0100
Processing by ApplicationController#home as HTML
  Parameters: {"activated"=>"true"}
  Rendered app/contexts/test/views/pages/home.html.haml within layouts/application (0.1ms)
Completed 200 OK in 4ms (Views: 3.9ms | ActiveRecord: 0.0ms)


Started GET "/" for 127.0.0.1 at 2012-03-07 22:05:25 +0100
Processing by ApplicationController#home as HTML
  Rendered pages/home.html.haml within layouts/application (0.2ms)
Completed 200 OK in 1ms (Views: 1.2ms | ActiveRecord: 0.0ms)


Started GET "/?activated=true" for 127.0.0.1 at 2012-03-07 22:05:44 +0100
Processing by ApplicationController#home as HTML
  Parameters: {"activated"=>"true"}
  Rendered app/contexts/test/views/pages/home.html.haml within layouts/application (0.1ms)
Completed 200 OK in 2ms (Views: 2.0ms | ActiveRecord: 0.0ms)


Started GET "/?activated=true" for 127.0.0.1 at 2012-03-07 22:05:45 +0100
Processing by ApplicationController#home as HTML
  Parameters: {"activated"=>"true"}
  Rendered app/contexts/test/views/pages/home.html.haml within layouts/application (0.1ms)
Completed 200 OK in 3ms (Views: 2.2ms | ActiveRecord: 0.0ms)


Started GET "/?activated=true" for 127.0.0.1 at 2012-03-07 22:07:41 +0100
Processing by ApplicationController#home as HTML
  Parameters: {"activated"=>"true"}
  Rendered pages/home.html.haml within layouts/application (0.2ms)
Completed 200 OK in 2ms (Views: 2.1ms | ActiveRecord: 0.0ms)


Started GET "/?activated=true" for 127.0.0.1 at 2012-03-07 22:07:53 +0100
Processing by ApplicationController#home as HTML
  Parameters: {"activated"=>"true"}
  Rendered pages/home.html.haml within layouts/application (0.3ms)
Completed 200 OK in 12ms (Views: 12.0ms | ActiveRecord: 0.0ms)


Started GET "/?activated=true" for 127.0.0.1 at 2012-03-07 22:07:56 +0100
Processing by ApplicationController#home as HTML
  Parameters: {"activated"=>"true"}
  Rendered pages/home.html.haml within layouts/application (0.3ms)
Completed 200 OK in 3ms (Views: 2.3ms | ActiveRecord: 0.0ms)


Started GET "/?activated=true" for 127.0.0.1 at 2012-03-07 22:07:58 +0100
Processing by ApplicationController#home as HTML
  Parameters: {"activated"=>"true"}
  Rendered pages/home.html.haml within layouts/application (0.3ms)
Completed 200 OK in 11ms (Views: 10.2ms | ActiveRecord: 0.0ms)


Started GET "/?activated=true" for 127.0.0.1 at 2012-03-07 22:08:09 +0100
Processing by ApplicationController#home as HTML
  Parameters: {"activated"=>"true"}
  Rendered app/contexts/test/views/shared/_partial1.html.haml (0.8ms)
  Rendered pages/home.html.haml within layouts/application (9.5ms)
Completed 200 OK in 21ms (Views: 20.3ms | ActiveRecord: 0.0ms)


Started GET "/?activated=true" for 127.0.0.1 at 2012-03-07 22:08:37 +0100
Processing by ApplicationController#home as HTML
  Parameters: {"activated"=>"true"}
  Rendered app/contexts/test/views/shared/_partial1.html.haml (1.1ms)
  Rendered pages/home.html.haml within layouts/application (8.5ms)
Completed 200 OK in 20ms (Views: 19.6ms | ActiveRecord: 0.0ms)


Started GET "/" for 127.0.0.1 at 2012-03-07 22:08:41 +0100
Processing by ApplicationController#home as HTML
  Rendered pages/home.html.haml within layouts/application (2.0ms)
Completed 500 Internal Server Error in 3ms

ActionView::Template::Error (Missing partial shared/partial1 with {:locale=>[:en], :formats=>[:html], :handlers=>[:erb, :builder, :haml]}. Searched in:
  * "/Users/loo/Documents/Ruby/phenomenal-rails/spec/dummy/app/contexts"
  * "/Users/loo/Documents/Ruby/phenomenal-rails/spec/dummy/app/views"
  * "/Users/loo/Documents/Ruby/phenomenal-rails/app/views"
):
    13:         %td=context.active?
    14: 
    15: %br
    16: =render "shared/partial1"
    17: %br
    18: 
    19: = ActionController::Base.view_paths.paths
  app/views/pages/home.html.haml:16:in `_app_views_pages_home_html_haml__3957834639942805912_70154341405480'
  app/controllers/application_controller.rb:11:in `home'


  Rendered /Users/loo/.rvm/gems/ruby-1.9.3-p0@phenomenal-rails/gems/actionpack-3.2.2/lib/action_dispatch/middleware/templates/rescues/_trace.erb (7.1ms)
  Rendered /Users/loo/.rvm/gems/ruby-1.9.3-p0@phenomenal-rails/gems/actionpack-3.2.2/lib/action_dispatch/middleware/templates/rescues/_request_and_response.erb (1.3ms)
  Rendered /Users/loo/.rvm/gems/ruby-1.9.3-p0@phenomenal-rails/gems/actionpack-3.2.2/lib/action_dispatch/middleware/templates/rescues/template_error.erb within rescues/layout (16.4ms)


Started GET "/" for 127.0.0.1 at 2012-03-07 22:12:23 +0100
Processing by ApplicationController#home as HTML
  Rendered pages/home.html.haml within layouts/application (1.3ms)
Completed 500 Internal Server Error in 2ms

ActionView::Template::Error (Missing partial shared/partial1 with {:locale=>[:en], :formats=>[:html], :handlers=>[:erb, :builder, :haml]}. Searched in:
  * "/Users/loo/Documents/Ruby/phenomenal-rails/spec/dummy/app/contexts"
  * "/Users/loo/Documents/Ruby/phenomenal-rails/spec/dummy/app/views"
  * "/Users/loo/Documents/Ruby/phenomenal-rails/app/views"
):
    13:   %tbody
    14:     -phen_defined_contexts.each do |context|
    15:       %tr
    16:         %td=context.to_s
    17:         %td=context.active?
    18: 
    19: %br
  app/views/pages/home.html.haml:16:in `_app_views_pages_home_html_haml__3957834639942805912_70154341405480'
  app/controllers/application_controller.rb:11:in `home'


  Rendered /Users/loo/.rvm/gems/ruby-1.9.3-p0@phenomenal-rails/gems/actionpack-3.2.2/lib/action_dispatch/middleware/templates/rescues/_trace.erb (4.3ms)
  Rendered /Users/loo/.rvm/gems/ruby-1.9.3-p0@phenomenal-rails/gems/actionpack-3.2.2/lib/action_dispatch/middleware/templates/rescues/_request_and_response.erb (1.1ms)
  Rendered /Users/loo/.rvm/gems/ruby-1.9.3-p0@phenomenal-rails/gems/actionpack-3.2.2/lib/action_dispatch/middleware/templates/rescues/template_error.erb within rescues/layout (13.0ms)


Started GET "/" for 127.0.0.1 at 2012-03-07 22:12:29 +0100
Processing by ApplicationController#home as HTML
  Rendered shared/_partial1.html.haml (0.9ms)
  Rendered pages/home.html.haml within layouts/application (9.5ms)
Completed 200 OK in 21ms (Views: 20.5ms | ActiveRecord: 0.0ms)


Started GET "/?activated=true" for 127.0.0.1 at 2012-03-07 22:12:31 +0100
Processing by ApplicationController#home as HTML
  Parameters: {"activated"=>"true"}
  Rendered app/contexts/test/views/shared/_partial1.html.haml (1.6ms)
  Rendered pages/home.html.haml within layouts/application (3.4ms)
Completed 200 OK in 5ms (Views: 5.0ms | ActiveRecord: 0.0ms)


Started GET "/" for 127.0.0.1 at 2012-03-07 22:12:33 +0100
Processing by ApplicationController#home as HTML
  Rendered shared/_partial1.html.haml (0.1ms)
  Rendered pages/home.html.haml within layouts/application (1.4ms)
Completed 200 OK in 3ms (Views: 2.3ms | ActiveRecord: 0.0ms)


Started GET "/?activated=true" for 127.0.0.1 at 2012-03-07 22:12:34 +0100
Processing by ApplicationController#home as HTML
  Parameters: {"activated"=>"true"}
  Rendered app/contexts/test/views/shared/_partial1.html.haml (0.1ms)
  Rendered pages/home.html.haml within layouts/application (1.7ms)
Completed 200 OK in 4ms (Views: 3.5ms | ActiveRecord: 0.0ms)


Started GET "/" for 127.0.0.1 at 2012-03-07 22:12:35 +0100
Processing by ApplicationController#home as HTML
  Rendered shared/_partial1.html.haml (0.0ms)
  Rendered pages/home.html.haml within layouts/application (1.2ms)
Completed 200 OK in 2ms (Views: 2.0ms | ActiveRecord: 0.0ms)


Started GET "/?activated=true" for 127.0.0.1 at 2012-03-07 22:12:35 +0100
Processing by ApplicationController#home as HTML
  Parameters: {"activated"=>"true"}
  Rendered app/contexts/test/views/shared/_partial1.html.haml (0.1ms)
  Rendered pages/home.html.haml within layouts/application (1.8ms)
Completed 200 OK in 4ms (Views: 3.6ms | ActiveRecord: 0.0ms)


Started GET "/" for 127.0.0.1 at 2012-03-07 22:12:36 +0100
Processing by ApplicationController#home as HTML
  Rendered shared/_partial1.html.haml (0.1ms)
  Rendered pages/home.html.haml within layouts/application (1.2ms)
Completed 200 OK in 2ms (Views: 2.1ms | ActiveRecord: 0.0ms)


Started GET "/?activated=true" for 127.0.0.1 at 2012-03-07 22:12:36 +0100
Processing by ApplicationController#home as HTML
  Parameters: {"activated"=>"true"}
  Rendered app/contexts/test/views/shared/_partial1.html.haml (0.1ms)
  Rendered pages/home.html.haml within layouts/application (1.8ms)
Completed 200 OK in 4ms (Views: 3.5ms | ActiveRecord: 0.0ms)


Started GET "/?activated=true" for 127.0.0.1 at 2012-03-07 22:12:38 +0100
Processing by ApplicationController#home as HTML
  Parameters: {"activated"=>"true"}
  Rendered app/contexts/test/views/shared/_partial1.html.haml (0.1ms)
  Rendered pages/home.html.haml within layouts/application (1.7ms)
Completed 200 OK in 4ms (Views: 3.5ms | ActiveRecord: 0.0ms)


Started GET "/" for 127.0.0.1 at 2012-03-07 22:12:38 +0100
Processing by ApplicationController#home as HTML
  Rendered shared/_partial1.html.haml (0.1ms)
  Rendered pages/home.html.haml within layouts/application (4.8ms)
Completed 200 OK in 7ms (Views: 6.9ms | ActiveRecord: 0.0ms)


Started GET "/?activated=true" for 127.0.0.1 at 2012-03-07 22:12:38 +0100
Processing by ApplicationController#home as HTML
  Parameters: {"activated"=>"true"}
  Rendered app/contexts/test/views/shared/_partial1.html.haml (0.1ms)
  Rendered pages/home.html.haml within layouts/application (1.7ms)
Completed 200 OK in 4ms (Views: 3.3ms | ActiveRecord: 0.0ms)


Started GET "/" for 127.0.0.1 at 2012-03-07 22:12:39 +0100
Processing by ApplicationController#home as HTML
  Rendered shared/_partial1.html.haml (0.1ms)
  Rendered pages/home.html.haml within layouts/application (1.3ms)
Completed 200 OK in 2ms (Views: 2.2ms | ActiveRecord: 0.0ms)


Started GET "/?activated=true" for 127.0.0.1 at 2012-03-07 22:12:39 +0100
Processing by ApplicationController#home as HTML
  Parameters: {"activated"=>"true"}
  Rendered app/contexts/test/views/shared/_partial1.html.haml (0.1ms)
  Rendered pages/home.html.haml within layouts/application (3.5ms)
Completed 200 OK in 7ms (Views: 6.9ms | ActiveRecord: 0.0ms)


Started GET "/" for 127.0.0.1 at 2012-03-07 22:12:40 +0100
Processing by ApplicationController#home as HTML
  Rendered shared/_partial1.html.haml (0.1ms)
  Rendered pages/home.html.haml within layouts/application (29.4ms)
Completed 200 OK in 30ms (Views: 30.2ms | ActiveRecord: 0.0ms)


Started GET "/?activated=true" for 127.0.0.1 at 2012-03-07 22:12:40 +0100
Processing by ApplicationController#home as HTML
  Parameters: {"activated"=>"true"}
  Rendered app/contexts/test/views/shared/_partial1.html.haml (0.1ms)
  Rendered pages/home.html.haml within layouts/application (1.7ms)
Completed 200 OK in 4ms (Views: 3.3ms | ActiveRecord: 0.0ms)


Started GET "/" for 127.0.0.1 at 2012-03-07 22:12:41 +0100
Processing by ApplicationController#home as HTML
  Rendered shared/_partial1.html.haml (0.0ms)
  Rendered pages/home.html.haml within layouts/application (1.2ms)
Completed 200 OK in 2ms (Views: 2.1ms | ActiveRecord: 0.0ms)


Started GET "/" for 127.0.0.1 at 2012-03-07 22:13:01 +0100
Processing by ApplicationController#home as HTML
  Rendered shared/_partial1.html.haml (0.0ms)
  Rendered pages/home.html.haml within layouts/application (1.1ms)
Completed 200 OK in 2ms (Views: 1.9ms | ActiveRecord: 0.0ms)


Started GET "/?activated=true" for 127.0.0.1 at 2012-03-07 22:13:02 +0100
Processing by ApplicationController#home as HTML
  Parameters: {"activated"=>"true"}
  Rendered app/contexts/test/views/shared/_partial1.html.haml (0.1ms)
  Rendered pages/home.html.haml within layouts/application (1.6ms)
Completed 200 OK in 4ms (Views: 3.4ms | ActiveRecord: 0.0ms)


Started GET "/?activated=true" for 127.0.0.1 at 2012-03-07 22:13:02 +0100
Processing by ApplicationController#home as HTML
  Parameters: {"activated"=>"true"}
  Rendered app/contexts/test/views/shared/_partial1.html.haml (0.0ms)
  Rendered pages/home.html.haml within layouts/application (1.5ms)
Completed 200 OK in 3ms (Views: 3.1ms | ActiveRecord: 0.0ms)


Started GET "/?activated=true" for 127.0.0.1 at 2012-03-07 22:13:03 +0100
Processing by ApplicationController#home as HTML
  Parameters: {"activated"=>"true"}
  Rendered app/contexts/test/views/shared/_partial1.html.haml (0.1ms)
  Rendered pages/home.html.haml within layouts/application (1.8ms)
Completed 200 OK in 4ms (Views: 3.4ms | ActiveRecord: 0.0ms)


Started GET "/?activated=true" for 127.0.0.1 at 2012-03-07 22:13:03 +0100
Processing by ApplicationController#home as HTML
  Parameters: {"activated"=>"true"}
  Rendered app/contexts/test/views/shared/_partial1.html.haml (0.1ms)
  Rendered pages/home.html.haml within layouts/application (1.8ms)
Completed 200 OK in 4ms (Views: 3.4ms | ActiveRecord: 0.0ms)


Started GET "/?activated=true" for 127.0.0.1 at 2012-03-07 22:13:03 +0100
Processing by ApplicationController#home as HTML
  Parameters: {"activated"=>"true"}
  Rendered app/contexts/test/views/shared/_partial1.html.haml (0.1ms)
  Rendered pages/home.html.haml within layouts/application (1.7ms)
Completed 200 OK in 4ms (Views: 3.3ms | ActiveRecord: 0.0ms)


Started GET "/?activated=true" for 127.0.0.1 at 2012-03-07 22:13:03 +0100
Processing by ApplicationController#home as HTML
  Parameters: {"activated"=>"true"}
  Rendered app/contexts/test/views/shared/_partial1.html.haml (0.1ms)
  Rendered pages/home.html.haml within layouts/application (1.6ms)
Completed 200 OK in 4ms (Views: 3.3ms | ActiveRecord: 0.0ms)


Started GET "/" for 127.0.0.1 at 2012-03-07 22:13:04 +0100
Processing by ApplicationController#home as HTML
  Rendered shared/_partial1.html.haml (0.1ms)
  Rendered pages/home.html.haml within layouts/application (1.5ms)
Completed 200 OK in 3ms (Views: 2.4ms | ActiveRecord: 0.0ms)


Started GET "/" for 127.0.0.1 at 2012-03-07 22:13:04 +0100
Processing by ApplicationController#home as HTML
  Rendered shared/_partial1.html.haml (0.1ms)
  Rendered pages/home.html.haml within layouts/application (1.5ms)
Completed 200 OK in 3ms (Views: 2.4ms | ActiveRecord: 0.0ms)


Started GET "/" for 127.0.0.1 at 2012-03-07 22:13:04 +0100
Processing by ApplicationController#home as HTML
  Rendered shared/_partial1.html.haml (0.0ms)
  Rendered pages/home.html.haml within layouts/application (1.2ms)
Completed 200 OK in 2ms (Views: 2.1ms | ActiveRecord: 0.0ms)


Started GET "/" for 127.0.0.1 at 2012-03-07 22:13:04 +0100
Processing by ApplicationController#home as HTML
  Rendered shared/_partial1.html.haml (0.1ms)
  Rendered pages/home.html.haml within layouts/application (1.2ms)
Completed 200 OK in 2ms (Views: 2.1ms | ActiveRecord: 0.0ms)


Started GET "/" for 127.0.0.1 at 2012-03-07 22:13:04 +0100
Processing by ApplicationController#home as HTML
  Rendered shared/_partial1.html.haml (0.0ms)
  Rendered pages/home.html.haml within layouts/application (1.2ms)
Completed 200 OK in 2ms (Views: 2.1ms | ActiveRecord: 0.0ms)


Started GET "/" for 127.0.0.1 at 2012-03-07 22:13:05 +0100
Processing by ApplicationController#home as HTML
  Rendered shared/_partial1.html.haml (0.0ms)
  Rendered pages/home.html.haml within layouts/application (1.1ms)
Completed 200 OK in 2ms (Views: 2.0ms | ActiveRecord: 0.0ms)


Started GET "/" for 127.0.0.1 at 2012-03-07 22:13:05 +0100
Processing by ApplicationController#home as HTML
  Rendered shared/_partial1.html.haml (0.1ms)
  Rendered pages/home.html.haml within layouts/application (2.0ms)
Completed 200 OK in 3ms (Views: 2.9ms | ActiveRecord: 0.0ms)


Started GET "/" for 127.0.0.1 at 2012-03-07 22:13:05 +0100
Processing by ApplicationController#home as HTML
  Rendered shared/_partial1.html.haml (0.0ms)
  Rendered pages/home.html.haml within layouts/application (1.2ms)
Completed 200 OK in 9ms (Views: 8.6ms | ActiveRecord: 0.0ms)


Started GET "/" for 127.0.0.1 at 2012-03-07 22:13:05 +0100
Processing by ApplicationController#home as HTML
  Rendered shared/_partial1.html.haml (0.0ms)
  Rendered pages/home.html.haml within layouts/application (1.2ms)
Completed 200 OK in 2ms (Views: 1.9ms | ActiveRecord: 0.0ms)


Started GET "/?activated=true" for 127.0.0.1 at 2012-03-07 22:13:15 +0100
Processing by ApplicationController#home as HTML
  Parameters: {"activated"=>"true"}
  Rendered app/contexts/test/views/shared/_partial1.html.haml (0.1ms)
  Rendered pages/home.html.haml within layouts/application (1.7ms)
Completed 200 OK in 4ms (Views: 3.3ms | ActiveRecord: 0.0ms)


Started GET "/" for 127.0.0.1 at 2012-03-07 22:13:17 +0100
Processing by ApplicationController#home as HTML
  Rendered shared/_partial1.html.haml (0.0ms)
  Rendered pages/home.html.haml within layouts/application (1.1ms)
Completed 200 OK in 2ms (Views: 1.9ms | ActiveRecord: 0.0ms)


Started GET "/?activated=true" for 127.0.0.1 at 2012-03-07 22:13:18 +0100
Processing by ApplicationController#home as HTML
  Parameters: {"activated"=>"true"}
  Rendered app/contexts/test/views/shared/_partial1.html.haml (0.0ms)
  Rendered pages/home.html.haml within layouts/application (1.7ms)
Completed 200 OK in 4ms (Views: 3.3ms | ActiveRecord: 0.0ms)


Started GET "/" for 127.0.0.1 at 2012-03-07 22:13:19 +0100
Processing by ApplicationController#home as HTML
  Rendered shared/_partial1.html.haml (0.0ms)
  Rendered pages/home.html.haml within layouts/application (1.1ms)
Completed 200 OK in 2ms (Views: 1.8ms | ActiveRecord: 0.0ms)


Started GET "/" for 127.0.0.1 at 2012-03-07 22:14:47 +0100
Processing by ApplicationController#home as HTML
  Rendered shared/_partial1.html.haml (0.8ms)
  Rendered pages/home.html.haml within layouts/application (8.8ms)
Completed 200 OK in 19ms (Views: 18.8ms | ActiveRecord: 0.0ms)


Started GET "/?activated=true" for 127.0.0.1 at 2012-03-07 22:14:50 +0100
Processing by ApplicationController#home as HTML
  Parameters: {"activated"=>"true"}
  Rendered app/contexts/test/views/shared/_partial1.html.haml (1.0ms)
  Rendered pages/home.html.haml within layouts/application (2.8ms)
Completed 200 OK in 5ms (Views: 4.5ms | ActiveRecord: 0.0ms)


Started GET "/" for 127.0.0.1 at 2012-03-07 22:14:51 +0100
Processing by ApplicationController#home as HTML
  Rendered shared/_partial1.html.haml (0.1ms)
  Rendered pages/home.html.haml within layouts/application (1.7ms)
Completed 200 OK in 3ms (Views: 2.7ms | ActiveRecord: 0.0ms)


Started GET "/?activated=true" for 127.0.0.1 at 2012-03-07 22:14:51 +0100
Processing by ApplicationController#home as HTML
  Parameters: {"activated"=>"true"}
  Rendered app/contexts/test/views/shared/_partial1.html.haml (0.1ms)
  Rendered pages/home.html.haml within layouts/application (1.9ms)
Completed 200 OK in 4ms (Views: 3.7ms | ActiveRecord: 0.0ms)


Started GET "/" for 127.0.0.1 at 2012-03-07 22:14:52 +0100
Processing by ApplicationController#home as HTML
  Rendered shared/_partial1.html.haml (0.1ms)
  Rendered pages/home.html.haml within layouts/application (1.2ms)
Completed 200 OK in 2ms (Views: 2.1ms | ActiveRecord: 0.0ms)


Started GET "/?activated=true" for 127.0.0.1 at 2012-03-07 22:14:52 +0100
Processing by ApplicationController#home as HTML
  Parameters: {"activated"=>"true"}
  Rendered app/contexts/test/views/shared/_partial1.html.haml (0.1ms)
  Rendered pages/home.html.haml within layouts/application (1.8ms)
Completed 200 OK in 4ms (Views: 3.4ms | ActiveRecord: 0.0ms)


Started GET "/" for 127.0.0.1 at 2012-03-07 22:14:53 +0100
Processing by ApplicationController#home as HTML
  Rendered shared/_partial1.html.haml (0.0ms)
  Rendered pages/home.html.haml within layouts/application (1.1ms)
Completed 200 OK in 2ms (Views: 2.0ms | ActiveRecord: 0.0ms)


Started GET "/?activated=true" for 127.0.0.1 at 2012-03-07 22:14:53 +0100
Processing by ApplicationController#home as HTML
  Parameters: {"activated"=>"true"}
  Rendered app/contexts/test/views/shared/_partial1.html.haml (0.0ms)
  Rendered pages/home.html.haml within layouts/application (1.7ms)
Completed 200 OK in 4ms (Views: 3.4ms | ActiveRecord: 0.0ms)


Started GET "/" for 127.0.0.1 at 2012-03-07 22:14:54 +0100
Processing by ApplicationController#home as HTML
  Rendered shared/_partial1.html.haml (0.0ms)
  Rendered pages/home.html.haml within layouts/application (1.1ms)
Completed 200 OK in 2ms (Views: 1.9ms | ActiveRecord: 0.0ms)


Started GET "/?activated=true" for 127.0.0.1 at 2012-03-07 22:14:56 +0100
Processing by ApplicationController#home as HTML
  Parameters: {"activated"=>"true"}
  Rendered app/contexts/test/views/shared/_partial1.html.haml (0.1ms)
  Rendered pages/home.html.haml within layouts/application (1.8ms)
Completed 200 OK in 4ms (Views: 3.4ms | ActiveRecord: 0.0ms)


Started GET "/" for 127.0.0.1 at 2012-03-07 22:14:57 +0100
Processing by ApplicationController#home as HTML
  Rendered shared/_partial1.html.haml (0.1ms)
  Rendered pages/home.html.haml within layouts/application (1.1ms)
Completed 200 OK in 2ms (Views: 2.1ms | ActiveRecord: 0.0ms)


Started GET "/?activated=true" for 127.0.0.1 at 2012-03-07 22:14:57 +0100
Processing by ApplicationController#home as HTML
  Parameters: {"activated"=>"true"}
  Rendered app/contexts/test/views/shared/_partial1.html.haml (0.1ms)
  Rendered pages/home.html.haml within layouts/application (1.8ms)
Completed 200 OK in 4ms (Views: 3.5ms | ActiveRecord: 0.0ms)


Started GET "/" for 127.0.0.1 at 2012-03-07 22:14:58 +0100
Processing by ApplicationController#home as HTML
  Rendered shared/_partial1.html.haml (0.1ms)
  Rendered pages/home.html.haml within layouts/application (1.3ms)
Completed 200 OK in 3ms (Views: 2.3ms | ActiveRecord: 0.0ms)


Started GET "/?activated=true" for 127.0.0.1 at 2012-03-07 22:14:58 +0100
Processing by ApplicationController#home as HTML
  Parameters: {"activated"=>"true"}
  Rendered app/contexts/test/views/shared/_partial1.html.haml (0.1ms)
  Rendered pages/home.html.haml within layouts/application (1.8ms)
Completed 200 OK in 33ms (Views: 32.3ms | ActiveRecord: 0.0ms)


Started GET "/" for 127.0.0.1 at 2012-03-07 22:14:59 +0100
Processing by ApplicationController#home as HTML
  Rendered shared/_partial1.html.haml (0.1ms)
  Rendered pages/home.html.haml within layouts/application (1.4ms)
Completed 200 OK in 3ms (Views: 2.3ms | ActiveRecord: 0.0ms)


Started GET "/?activated=true" for 127.0.0.1 at 2012-03-07 22:15:00 +0100
Processing by ApplicationController#home as HTML
  Parameters: {"activated"=>"true"}
  Rendered app/contexts/test/views/shared/_partial1.html.haml (0.1ms)
  Rendered pages/home.html.haml within layouts/application (1.7ms)
Completed 200 OK in 4ms (Views: 3.4ms | ActiveRecord: 0.0ms)


Started GET "/" for 127.0.0.1 at 2012-03-07 22:15:04 +0100
Processing by ApplicationController#home as HTML
  Rendered shared/_partial1.html.haml (0.1ms)
  Rendered pages/home.html.haml within layouts/application (1.2ms)
Completed 200 OK in 2ms (Views: 2.0ms | ActiveRecord: 0.0ms)


Started GET "/?activated=true" for 127.0.0.1 at 2012-03-07 22:15:05 +0100
Processing by ApplicationController#home as HTML
  Parameters: {"activated"=>"true"}
  Rendered app/contexts/test/views/shared/_partial1.html.haml (0.0ms)
  Rendered pages/home.html.haml within layouts/application (1.6ms)
Completed 200 OK in 4ms (Views: 3.2ms | ActiveRecord: 0.0ms)


Started GET "/?activated=true" for 127.0.0.1 at 2012-03-07 22:22:55 +0100
Processing by ApplicationController#home as HTML
  Parameters: {"activated"=>"true"}
  Rendered app/contexts/test/views/shared/_partial1.html.haml (0.8ms)
  Rendered pages/home.html.haml within layouts/application (9.3ms)
Completed 200 OK in 20ms (Views: 19.4ms | ActiveRecord: 0.0ms)


Started GET "/?activated=true" for 127.0.0.1 at 2012-03-07 22:22:57 +0100
Processing by ApplicationController#home as HTML
  Parameters: {"activated"=>"true"}
  Rendered app/contexts/test/views/shared/_partial1.html.haml (0.0ms)
  Rendered pages/home.html.haml within layouts/application (1.6ms)
Completed 200 OK in 4ms (Views: 3.3ms | ActiveRecord: 0.0ms)


Started GET "/?activated=true" for 127.0.0.1 at 2012-03-07 22:22:57 +0100
Processing by ApplicationController#home as HTML
  Parameters: {"activated"=>"true"}
  Rendered app/contexts/test/views/shared/_partial1.html.haml (0.1ms)
  Rendered pages/home.html.haml within layouts/application (1.7ms)
Completed 200 OK in 4ms (Views: 3.5ms | ActiveRecord: 0.0ms)


Started GET "/?activated=true" for 127.0.0.1 at 2012-03-07 22:22:57 +0100
Processing by ApplicationController#home as HTML
  Parameters: {"activated"=>"true"}
  Rendered app/contexts/test/views/shared/_partial1.html.haml (0.0ms)
  Rendered pages/home.html.haml within layouts/application (1.6ms)
Completed 200 OK in 4ms (Views: 3.2ms | ActiveRecord: 0.0ms)


Started GET "/" for 127.0.0.1 at 2012-03-07 23:01:41 +0100
Processing by ApplicationController#home as HTML
  Rendered shared/_partial1.html.haml (0.8ms)
  Rendered pages/home.html.haml within layouts/application (9.5ms)
Completed 200 OK in 20ms (Views: 19.8ms | ActiveRecord: 0.0ms)


Started GET "/" for 127.0.0.1 at 2012-03-07 23:01:43 +0100
Processing by ApplicationController#home as HTML
  Rendered shared/_partial1.html.haml (0.1ms)
  Rendered pages/home.html.haml within layouts/application (1.7ms)
Completed 200 OK in 4ms (Views: 3.4ms | ActiveRecord: 0.0ms)


Started GET "/" for 127.0.0.1 at 2012-03-07 23:01:45 +0100
Processing by ApplicationController#home as HTML
  Rendered shared/_partial1.html.haml (0.0ms)
  Rendered pages/home.html.haml within layouts/application (1.6ms)
Completed 200 OK in 3ms (Views: 3.1ms | ActiveRecord: 0.0ms)


Started GET "/?activated=true" for 127.0.0.1 at 2012-03-07 23:01:48 +0100
Processing by ApplicationController#home as HTML
  Parameters: {"activated"=>"true"}
  Rendered app/contexts/persistent_feature/test_context/views/shared/_partial1.html.haml (0.8ms)
  Rendered pages/home.html.haml within layouts/application (2.8ms)
Completed 200 OK in 6ms (Views: 5.9ms | ActiveRecord: 0.0ms)


Started GET "/" for 127.0.0.1 at 2012-03-07 23:01:49 +0100
Processing by ApplicationController#home as HTML
  Rendered shared/_partial1.html.haml (0.1ms)
  Rendered pages/home.html.haml within layouts/application (1.7ms)
Completed 200 OK in 4ms (Views: 3.5ms | ActiveRecord: 0.0ms)


Started GET "/?activated=true" for 127.0.0.1 at 2012-03-07 23:01:50 +0100
Processing by ApplicationController#home as HTML
  Parameters: {"activated"=>"true"}
  Rendered app/contexts/persistent_feature/test_context/views/shared/_partial1.html.haml (0.1ms)
  Rendered pages/home.html.haml within layouts/application (2.1ms)
Completed 200 OK in 6ms (Views: 5.3ms | ActiveRecord: 0.0ms)


Started GET "/" for 127.0.0.1 at 2012-03-07 23:01:50 +0100
Processing by ApplicationController#home as HTML
  Rendered shared/_partial1.html.haml (0.0ms)
  Rendered pages/home.html.haml within layouts/application (1.6ms)
Completed 200 OK in 4ms (Views: 3.3ms | ActiveRecord: 0.0ms)


Started GET "/?activated=true" for 127.0.0.1 at 2012-03-07 23:01:51 +0100
Processing by ApplicationController#home as HTML
  Parameters: {"activated"=>"true"}
  Rendered app/contexts/persistent_feature/test_context/views/shared/_partial1.html.haml (0.0ms)
  Rendered pages/home.html.haml within layouts/application (1.7ms)
Completed 200 OK in 5ms (Views: 4.8ms | ActiveRecord: 0.0ms)


Started GET "/" for 127.0.0.1 at 2012-03-07 23:01:52 +0100
Processing by ApplicationController#home as HTML
  Rendered shared/_partial1.html.haml (0.0ms)
  Rendered pages/home.html.haml within layouts/application (1.7ms)
Completed 200 OK in 4ms (Views: 3.4ms | ActiveRecord: 0.0ms)


Started GET "/?activated=true" for 127.0.0.1 at 2012-03-07 23:01:52 +0100
Processing by ApplicationController#home as HTML
  Parameters: {"activated"=>"true"}
  Rendered app/contexts/persistent_feature/test_context/views/shared/_partial1.html.haml (0.0ms)
  Rendered pages/home.html.haml within layouts/application (1.9ms)
Completed 200 OK in 5ms (Views: 5.1ms | ActiveRecord: 0.0ms)


Started GET "/" for 127.0.0.1 at 2012-03-07 23:01:53 +0100
Processing by ApplicationController#home as HTML
  Rendered shared/_partial1.html.haml (0.1ms)
  Rendered pages/home.html.haml within layouts/application (2.5ms)
Completed 200 OK in 4ms (Views: 4.1ms | ActiveRecord: 0.0ms)


Started GET "/?activated=true" for 127.0.0.1 at 2012-03-07 23:01:53 +0100
Processing by ApplicationController#home as HTML
  Parameters: {"activated"=>"true"}
  Rendered app/contexts/persistent_feature/test_context/views/shared/_partial1.html.haml (0.1ms)
  Rendered pages/home.html.haml within layouts/application (31.2ms)
Completed 200 OK in 35ms (Views: 34.3ms | ActiveRecord: 0.0ms)


Started GET "/" for 127.0.0.1 at 2012-03-07 23:01:54 +0100
Processing by ApplicationController#home as HTML
  Rendered shared/_partial1.html.haml (0.1ms)
  Rendered pages/home.html.haml within layouts/application (1.7ms)
Completed 200 OK in 4ms (Views: 3.4ms | ActiveRecord: 0.0ms)


Started GET "/?activated=true" for 127.0.0.1 at 2012-03-07 23:01:54 +0100
Processing by ApplicationController#home as HTML
  Parameters: {"activated"=>"true"}
  Rendered app/contexts/persistent_feature/test_context/views/shared/_partial1.html.haml (0.1ms)
  Rendered pages/home.html.haml within layouts/application (2.0ms)
Completed 200 OK in 5ms (Views: 5.2ms | ActiveRecord: 0.0ms)
